#
# A fatal error has been detected by the Java Runtime Environment:
#
#  Internal Error (javaClasses.cpp:126), pid=7624, tid=6680
#  fatal error: Invalid layout of preloaded class
#
# JRE version:  (8.0_25-b18) (build )
# Java VM: Java HotSpot(TM) Client VM (25.25-b02 mixed mode windows-x86 )
# Failed to write core dump. Minidumps are not enabled by default on client versions of Windows
#
# If you would like to submit a bug report, please visit:
#   http://bugreport.sun.com/bugreport/crash.jsp
#

---------------  T H R E A D  ---------------

Current thread (0x02b5cc00):  JavaThread "Unknown thread" [_thread_in_vm, id=6680, stack(0x02f40000,0x02f90000)]

Stack: [0x02f40000,0x02f90000],  sp=0x02f8f510,  free space=317k
Native frames: (J=compiled Java code, j=interpreted, Vv=VM code, C=native code)
V  [jvm.dll+0x19796b]
V  [jvm.dll+0x1908e6]
V  [jvm.dll+0x3b4e9]
V  [jvm.dll+0x3b69e]
V  [jvm.dll+0x4a063]
V  [jvm.dll+0x9dc8e]
V  [jvm.dll+0x9df52]
V  [jvm.dll+0x145a01]
V  [jvm.dll+0x169ab8]
V  [jvm.dll+0xdaea1]
C  [javaw.exe+0x13e4]
C  [javaw.exe+0x1eb7]
C  [javaw.exe+0xaba1]
C  [javaw.exe+0xac2b]
C  [kernel32.dll+0x1337a]
C  [ntdll.dll+0x39882]
C  [ntdll.dll+0x39855]
C  0x00000000


---------------  P R O C E S S  ---------------

Java Threads: ( => current thread )

Other Threads:

=>0x02b5cc00 (exited) JavaThread "Unknown thread" [_thread_in_vm, id=6680, stack(0x02f40000,0x02f90000)]

VM state:not at safepoint (not fully initialized)

VM Mutex/Monitor currently owned by a thread: None

GC Heap History (0 events):
No events

Deoptimization events (0 events):
No events

Internal exceptions (0 events):
No events

Events (10 events):
Event: 0.013 loading class java/lang/CharSequence done
Event: 0.014 loading class java/lang/String done
Event: 0.014 loading class java/lang/Class
Event: 0.014 loading class java/lang/reflect/AnnotatedElement
Event: 0.014 loading class java/lang/reflect/AnnotatedElement done
Event: 0.014 loading class java/lang/reflect/GenericDeclaration
Event: 0.014 loading class java/lang/reflect/GenericDeclaration done
Event: 0.014 loading class java/lang/reflect/Type
Event: 0.014 loading class java/lang/reflect/Type done
Event: 0.014 loading class java/lang/Class done


Dynamic libraries:
0x00230000 - 0x00260000 	C:\Program Files (x86)\Java\jre1.8.0_25\bin\javaw.exe
0x770a0000 - 0x77220000 	C:\Windows\SysWOW64\ntdll.dll
0x75310000 - 0x75420000 	C:\Windows\syswow64\kernel32.dll
0x750b0000 - 0x750f7000 	C:\Windows\syswow64\KERNELBASE.dll
0x75860000 - 0x75901000 	C:\Windows\syswow64\ADVAPI32.dll
0x75d70000 - 0x75e1c000 	C:\Windows\syswow64\msvcrt.dll
0x75810000 - 0x75829000 	C:\Windows\SysWOW64\sechost.dll
0x74ea0000 - 0x74f90000 	C:\Windows\syswow64\RPCRT4.dll
0x74a00000 - 0x74a60000 	C:\Windows\syswow64\SspiCli.dll
0x749f0000 - 0x749fc000 	C:\Windows\syswow64\CRYPTBASE.dll
0x74d90000 - 0x74e90000 	C:\Windows\syswow64\USER32.dll
0x75020000 - 0x750b0000 	C:\Windows\syswow64\GDI32.dll
0x75610000 - 0x7561a000 	C:\Windows\syswow64\LPK.dll
0x74c90000 - 0x74d2d000 	C:\Windows\syswow64\USP10.dll
0x71680000 - 0x7181e000 	C:\Windows\WinSxS\x86_microsoft.windows.common-controls_6595b64144ccf1df_6.0.7601.17514_none_41e6975e2bd6f2b2\COMCTL32.dll
0x74d30000 - 0x74d87000 	C:\Windows\syswow64\SHLWAPI.dll
0x757b0000 - 0x75810000 	C:\Windows\system32\IMM32.DLL
0x756e0000 - 0x757ac000 	C:\Windows\syswow64\MSCTF.dll
0x70f30000 - 0x70f59000 	C:\Windows\SysWOW64\nvinit.dll
0x0f000000 - 0x0f006000 	C:\Program Files (x86)\NVIDIA Corporation\CoProcManager\detoured.dll
0x6f2c0000 - 0x6f2e7000 	C:\Program Files (x86)\NVIDIA Corporation\CoProcManager\nvd3d9wrap.dll
0x74af0000 - 0x74c8d000 	C:\Windows\syswow64\SETUPAPI.dll
0x74f90000 - 0x74fb7000 	C:\Windows\syswow64\CFGMGR32.dll
0x74a60000 - 0x74aef000 	C:\Windows\syswow64\OLEAUT32.dll
0x75e20000 - 0x75f7c000 	C:\Windows\syswow64\ole32.dll
0x75420000 - 0x75432000 	C:\Windows\syswow64\DEVOBJ.dll
0x6eda0000 - 0x6edbe000 	C:\Program Files (x86)\NVIDIA Corporation\CoProcManager\nvdxgiwrap.dll
0x02120000 - 0x02533000 	C:\Windows\SysWow64\sdckern.dll
0x71e90000 - 0x71e97000 	C:\Windows\system32\FLTLIB.DLL
0x71e30000 - 0x71e81000 	C:\Windows\system32\WINSPOOL.DRV
0x75fc0000 - 0x76c0b000 	C:\Windows\syswow64\SHELL32.dll
0x75f80000 - 0x75fb5000 	C:\Windows\syswow64\WS2_32.dll
0x75620000 - 0x75626000 	C:\Windows\syswow64\NSI.dll
0x71c60000 - 0x71c7c000 	C:\Windows\system32\IPHLPAPI.DLL
0x71c50000 - 0x71c57000 	C:\Windows\system32\WINNSI.DLL
0x75910000 - 0x75915000 	C:\Windows\syswow64\PSAPI.DLL
0x72530000 - 0x7253d000 	C:\Windows\system32\WTSAPI32.dll
0x75840000 - 0x75857000 	C:\Windows\syswow64\USERENV.dll
0x75600000 - 0x7560b000 	C:\Windows\syswow64\profapi.dll
0x71a00000 - 0x71c45000 	C:\Windows\system32\msi.dll
0x723a0000 - 0x72530000 	C:\Windows\WinSxS\x86_microsoft.windows.gdiplus_6595b64144ccf1df_1.1.7601.19054_none_72d58feb8665ca95\gdiplus.dll
0x72390000 - 0x72395000 	C:\Windows\system32\MSIMG32.dll
0x72540000 - 0x72549000 	C:\Windows\system32\VERSION.dll
0x72350000 - 0x7238c000 	C:\Windows\system32\OLEACC.dll
0x722f0000 - 0x72348000 	C:\Windows\system32\WINHTTP.dll
0x722a0000 - 0x722ef000 	C:\Windows\system32\webio.dll
0x75100000 - 0x752f3000 	C:\Windows\syswow64\WININET.dll
0x754c0000 - 0x754c4000 	C:\Windows\syswow64\api-ms-win-downlevel-user32-l1-1-0.dll
0x77070000 - 0x77074000 	C:\Windows\syswow64\api-ms-win-downlevel-shlwapi-l1-1-0.dll
0x75830000 - 0x75834000 	C:\Windows\syswow64\api-ms-win-downlevel-version-l1-1-0.dll
0x74ff0000 - 0x74ff3000 	C:\Windows\syswow64\api-ms-win-downlevel-normaliz-l1-1-0.dll
0x75000000 - 0x75003000 	C:\Windows\syswow64\normaliz.DLL
0x75b30000 - 0x75d62000 	C:\Windows\syswow64\iertutil.dll
0x74e90000 - 0x74e95000 	C:\Windows\syswow64\api-ms-win-downlevel-advapi32-l1-1-0.dll
0x72280000 - 0x72297000 	C:\Windows\system32\CRYPTSP.dll
0x72240000 - 0x7227b000 	C:\Windows\system32\rsaenh.dll
0x64960000 - 0x64a1f000 	C:\Program Files (x86)\Java\jre1.8.0_25\bin\msvcr100.dll
0x65ad0000 - 0x65e74000 	C:\Program Files (x86)\Java\jre1.8.0_25\bin\client\jvm.dll
0x70ff0000 - 0x70ff7000 	C:\Windows\system32\WSOCK32.dll
0x71f10000 - 0x71f42000 	C:\Windows\system32\WINMM.dll
0x69bc0000 - 0x69bcc000 	C:\Program Files (x86)\Java\jre1.8.0_25\bin\verify.dll
0x65ea0000 - 0x65ec1000 	C:\Program Files (x86)\Java\jre1.8.0_25\bin\java.dll
0x699b0000 - 0x699c3000 	C:\Program Files (x86)\Java\jre1.8.0_25\bin\zip.dll
0x70090000 - 0x7017b000 	C:\Windows\system32\dbghelp.dll

VM Arguments:
jvm_args: -Dfile.encoding=UTF-8 -Xbootclasspath/p:D:\Android\sdk\platforms\android-18\android.jar 
java_command: com.havenliu.document.Main
java_class_path (initial): D:\android项目\printer\bin\classes;D:\android项目\printer\libs\freemarker-2.3.13.jar;D:\android项目\printer\libs\android-support-v4.jar
Launcher Type: SUN_STANDARD

Environment Variables:
JAVA_HOME=C:\Program Files\Java\jdk1.7.0_25
CLASSPATH=.;C:\Program Files\Java\jdk1.7.0_25\lib\dt.jar;C:\Program Files\Java\jdk1.7.0_25\lib\tools.jar
PATH=C:/Program Files (x86)/Java/jre1.8.0_25/bin/client;C:/Program Files (x86)/Java/jre1.8.0_25/bin;C:/Program Files (x86)/Java/jre1.8.0_25/lib/i386;C:\Program Files\Common Files\Microsoft Shared\Windows Live;C:\ProgramData\Oracle\Java\javapath;D:\app\osy\product\11.2.0\client_1\bin;C:\Program Files (x86)\NVIDIA Corporation\PhysX\Common;C:\Program Files (x86)\Intel\iCLS Client\;C:\Program Files\Intel\iCLS Client\;C:\Windows\system32;C:\Windows;C:\Windows\System32\Wbem;C:\Windows\System32\WindowsPowerShell\v1.0\;C:\Program Files\Intel\Intel(R) Management Engine Components\DAL;C:\Program Files\Intel\Intel(R) Management Engine Components\IPT;C:\Program Files (x86)\Intel\Intel(R) Management Engine Components\DAL;C:\Program Files (x86)\Intel\Intel(R) Management Engine Components\IPT;C:\Program Files (x86)\Intel\OpenCL SDK\2.0\bin\x86;C:\Program Files (x86)\Intel\OpenCL SDK\2.0\bin\x64;C:\Program Files\Microsoft\Web Platform Installer\;C:\Program Files (x86)\Microsoft ASP.NET\ASP.NET Web Pages\v1.0\;C:\Program Files\TortoiseSVN\bin;C:\Program Files\Java\jdk1.7.0_25\bin;C:\Program Files\Java\jdk1.7.0_25\jre\bin;C:\Program Files (x86)\Microsoft SQL Server\100\Tools\Binn\;C:\Program Files\Microsoft SQL Server\100\Tools\Binn\;C:\Program Files\Microsoft SQL Server\100\DTS\Binn\;C:\Program Files (x86)\Microsoft SQL Server\100\Tools\Binn\VSShell\Common7\IDE\;C:\Program Files (x86)\Microsoft SQL Server\100\DTS\Binn\;%ANT_HOME%\bin;D:\Android\sdk\tools;D:\Android\sdk\platform-tools;C:\Program Files (x86)\Windows Kits\8.0\Windows Performance Toolkit\;C:\Program Files (x86)\VisualSVN\bin;C:\Program Files\Common Files\Microsoft Shared\Windows Live;D:\Android\eclipse;
USERNAME=osy
OS=Windows_NT
PROCESSOR_IDENTIFIER=Intel64 Family 6 Model 58 Stepping 9, GenuineIntel



---------------  S Y S T E M  ---------------

OS: Windows 7 , 64 bit Build 7601 Service Pack 1

CPU:total 2 (2 cores per cpu, 1 threads per core) family 6 model 58 stepping 9, cmov, cx8, fxsr, mmx, sse, sse2, sse3, ssse3, sse4.1, sse4.2, popcnt, clmul, erms, tsc, tscinvbit, tscinv

Memory: 4k page, physical 8266144k(5582716k free), swap 16530452k(13585904k free)

vm_info: Java HotSpot(TM) Client VM (25.25-b02) for windows-x86 JRE (1.8.0_25-b18), built on Oct  7 2014 14:31:05 by "java_re" with MS VC++ 10.0 (VS2010)

time: Mon Nov 30 08:22:25 2015
elapsed time: 0 seconds (0d 0h 0m 0s)

